CRITICAL:root:critical
ERROR:root:Error
CRITICAL:root:critical
ERROR:root:Error
WARNING:root:warning
INFO:root:info
DEBUG:root:debug
CRITICAL:root:critical
ERROR:root:Error
WARNING:root:warning
INFO:root:info
DEBUG:root:debug
CRITICAL:root:critical
ERROR:root:Error
WARNING:root:warning
INFO:root:info
DEBUG:root:debug
CRITICAL:root:critical
ERROR:root:Error
WARNING:root:warning
INFO:root:info
DEBUG:root:debug
CRITICAL:root:critical
ERROR:root:Error
WARNING:root:warning
INFO:root:info
DEBUG:root:debug
CRITICAL:root:critical
ERROR:root:Error
WARNING:root:warning
INFO:root:info
DEBUG:root:debug
